<?xml version="1.0" encoding="UTF-8" ?>
<testsuite tests="6" failures="0" name="org.paras.automation.testcases.RunCukesTest" time="0.133" errors="0" skipped="6">
  <properties>
[...]
</properties>
  <testcase classname="Given User is on login page   " name="Given User is on login page   " time="0.02">
    <skipped/>
    <system-out>Feature: Facebook Login Functionality

  Scenario: Login with valid credentials &amp;#27;[90m# src.test.resources\org\paras\automation\testcases\LoginTestCases.feature:2&amp;#27;[0m
    &amp;#27;[90mGiven &amp;#27;[0m&amp;#27;[90mUser is on login page&amp;#27;[0m
</system-out>
  </testcase>
  <testcase classname="When User enters username    " name="When User enters username    " time="0.022">
    <skipped/>
    <system-out>&amp;#27;[1A    &amp;#27;[33mGiven &amp;#27;[0m&amp;#27;[33mUser is on login page&amp;#27;[0m
    &amp;#27;[90mWhen &amp;#27;[0m&amp;#27;[90mUser enters username&amp;#27;[0m
</system-out>
  </testcase>
  <testcase classname="And User enters Password     " name="And User enters Password     " time="0.022">
    <skipped/>
    <system-out>&amp;#27;[1A    &amp;#27;[33mWhen &amp;#27;[0m&amp;#27;[33mUser enters username&amp;#27;[0m
    &amp;#27;[90mAnd &amp;#27;[0m&amp;#27;[90mUser enters Password&amp;#27;[0m
</system-out>
  </testcase>
  <testcase classname="And User click on Signin button      " name="And User click on Signin button      " time="0.023">
    <skipped/>
    <system-out>&amp;#27;[1A    &amp;#27;[33mAnd &amp;#27;[0m&amp;#27;[33mUser enters Password&amp;#27;[0m
    &amp;#27;[90mAnd &amp;#27;[0m&amp;#27;[90mUser click on Signin button&amp;#27;[0m
</system-out>
  </testcase>
  <testcase classname="Then User logged in successfully       " name="Then User logged in successfully       " time="0.023">
    <skipped/>
    <system-out>&amp;#27;[1A    &amp;#27;[33mAnd &amp;#27;[0m&amp;#27;[33mUser click on Signin button&amp;#27;[0m
    &amp;#27;[90mThen &amp;#27;[0m&amp;#27;[90mUser logged in successfully&amp;#27;[0m
</system-out>
  </testcase>
  <testcase classname="Scenario: Login with valid credentials  " name="Scenario: Login with valid credentials  " time="0.023">
    <skipped/>
    <system-out>&amp;#27;[1A    &amp;#27;[33mThen &amp;#27;[0m&amp;#27;[33mUser logged in successfully&amp;#27;[0m
</system-out>
  </testcase>
</testsuite>